<?xml version="1.0" encoding="UTF-8"?>
<testsuite name="example.cashcard.CashCardApplicationTests" tests="3" skipped="0" failures="0" errors="0" timestamp="2024-08-06T00:31:17" hostname="RICHARD" time="1.744">
  <properties/>
  <testcase name="shouldReturnACashCardWhenDataIsSaved()" classname="example.cashcard.CashCardApplicationTests" time="1.144"/>
  <testcase name="shouldCreateANewCashCard()" classname="example.cashcard.CashCardApplicationTests" time="0.118"/>
  <testcase name="shouldReturnAllCashCardsWhenListIsRequested()" classname="example.cashcard.CashCardApplicationTests" time="0.05"/>
  <system-out><![CDATA[18:31:13.902 [Test worker] INFO org.springframework.test.context.support.AnnotationConfigContextLoaderUtils -- Could not detect default configuration classes for test class [example.cashcard.CashCardApplicationTests]: CashCardApplicationTests does not declare any static, non-private, non-final, nested classes annotated with @Configuration.
18:31:14.028 [Test worker] INFO org.springframework.boot.test.context.SpringBootTestContextBootstrapper -- Found @SpringBootConfiguration example.cashcard.CashCardApplication for test class example.cashcard.CashCardApplicationTests

  .   ____          _            __ _ _
 /\\ / ___'_ __ _ _(_)_ __  __ _ \ \ \ \
( ( )\___ | '_ | '_| | '_ \/ _` | \ \ \ \
 \\/  ___)| |_)| | | | | || (_| |  ) ) ) )
  '  |____| .__|_| |_|_| |_\__, | / / / /
 =========|_|==============|___/=/_/_/_/

 :: Spring Boot ::                (v3.3.2)

2024-08-05T18:31:14.633-06:00  INFO 8280 --- [CashCard] [    Test worker] e.cashcard.CashCardApplicationTests      : Starting CashCardApplicationTests using Java 17.0.11 with PID 8280 (started by pzric in C:\Users\pzric\Documents\Spring Academy\CashCard-v2)
2024-08-05T18:31:14.633-06:00  INFO 8280 --- [CashCard] [    Test worker] e.cashcard.CashCardApplicationTests      : No active profile set, falling back to 1 default profile: "default"
2024-08-05T18:31:15.416-06:00  INFO 8280 --- [CashCard] [    Test worker] .s.d.r.c.RepositoryConfigurationDelegate : Bootstrapping Spring Data JDBC repositories in DEFAULT mode.
2024-08-05T18:31:15.499-06:00  INFO 8280 --- [CashCard] [    Test worker] .s.d.r.c.RepositoryConfigurationDelegate : Finished Spring Data repository scanning in 68 ms. Found 1 JDBC repository interface.
2024-08-05T18:31:15.949-06:00  INFO 8280 --- [CashCard] [    Test worker] o.s.j.d.e.EmbeddedDatabaseFactory        : Starting embedded database: url='jdbc:h2:mem:28e2343f-4086-4d5b-8f4a-914b59a799c2;DB_CLOSE_DELAY=-1;DB_CLOSE_ON_EXIT=false', username='sa'
2024-08-05T18:31:17.515-06:00  INFO 8280 --- [CashCard] [    Test worker] o.s.b.t.m.w.SpringBootMockServletContext : Initializing Spring TestDispatcherServlet ''
2024-08-05T18:31:17.515-06:00  INFO 8280 --- [CashCard] [    Test worker] o.s.t.web.servlet.TestDispatcherServlet  : Initializing Servlet ''
2024-08-05T18:31:17.517-06:00  INFO 8280 --- [CashCard] [    Test worker] o.s.t.web.servlet.TestDispatcherServlet  : Completed initialization in 2 ms
2024-08-05T18:31:17.548-06:00  INFO 8280 --- [CashCard] [    Test worker] e.cashcard.CashCardApplicationTests      : Started CashCardApplicationTests in 3.291 seconds (process running for 4.504)
2024-08-05T18:31:18.822-06:00  INFO 8280 --- [CashCard] [    Test worker] o.s.j.d.e.EmbeddedDatabaseFactory        : Shutting down embedded database: url='jdbc:h2:mem:28e2343f-4086-4d5b-8f4a-914b59a799c2;DB_CLOSE_DELAY=-1;DB_CLOSE_ON_EXIT=false'

  .   ____          _            __ _ _
 /\\ / ___'_ __ _ _(_)_ __  __ _ \ \ \ \
( ( )\___ | '_ | '_| | '_ \/ _` | \ \ \ \
 \\/  ___)| |_)| | | | | || (_| |  ) ) ) )
  '  |____| .__|_| |_|_| |_\__, | / / / /
 =========|_|==============|___/=/_/_/_/

 :: Spring Boot ::                (v3.3.2)

2024-08-05T18:31:18.881-06:00  INFO 8280 --- [CashCard] [    Test worker] e.cashcard.CashCardApplicationTests      : Starting CashCardApplicationTests using Java 17.0.11 with PID 8280 (started by pzric in C:\Users\pzric\Documents\Spring Academy\CashCard-v2)
2024-08-05T18:31:18.883-06:00  INFO 8280 --- [CashCard] [    Test worker] e.cashcard.CashCardApplicationTests      : No active profile set, falling back to 1 default profile: "default"
2024-08-05T18:31:19.023-06:00  INFO 8280 --- [CashCard] [    Test worker] .s.d.r.c.RepositoryConfigurationDelegate : Bootstrapping Spring Data JDBC repositories in DEFAULT mode.
2024-08-05T18:31:19.023-06:00  INFO 8280 --- [CashCard] [    Test worker] .s.d.r.c.RepositoryConfigurationDelegate : Finished Spring Data repository scanning in 5 ms. Found 1 JDBC repository interface.
2024-08-05T18:31:19.084-06:00  INFO 8280 --- [CashCard] [    Test worker] o.s.j.d.e.EmbeddedDatabaseFactory        : Starting embedded database: url='jdbc:h2:mem:4f3f0fa0-f465-4676-bdf8-ba693b049cf7;DB_CLOSE_DELAY=-1;DB_CLOSE_ON_EXIT=false', username='sa'
2024-08-05T18:31:19.252-06:00  INFO 8280 --- [CashCard] [    Test worker] o.s.b.t.m.w.SpringBootMockServletContext : Initializing Spring TestDispatcherServlet ''
2024-08-05T18:31:19.252-06:00  INFO 8280 --- [CashCard] [    Test worker] o.s.t.web.servlet.TestDispatcherServlet  : Initializing Servlet ''
2024-08-05T18:31:19.252-06:00  INFO 8280 --- [CashCard] [    Test worker] o.s.t.web.servlet.TestDispatcherServlet  : Completed initialization in 0 ms
2024-08-05T18:31:19.252-06:00  INFO 8280 --- [CashCard] [    Test worker] e.cashcard.CashCardApplicationTests      : Started CashCardApplicationTests in 0.414 seconds (process running for 6.218)
]]></system-out>
  <system-err><![CDATA[]]></system-err>
</testsuite>
